[2022-09-05 17:39:41,126] INFO Starting the log cleaner (kafka.log.LogCleaner)
[2022-09-05 17:39:41,325] INFO [kafka-log-cleaner-thread-0]: Starting (kafka.log.LogCleaner)
[2022-09-05 17:41:49,476] INFO Shutting down the log cleaner. (kafka.log.LogCleaner)
[2022-09-05 17:41:49,476] INFO [kafka-log-cleaner-thread-0]: Shutting down (kafka.log.LogCleaner)
[2022-09-05 17:41:49,476] INFO [kafka-log-cleaner-thread-0]: Stopped (kafka.log.LogCleaner)
[2022-09-05 17:41:49,476] INFO [kafka-log-cleaner-thread-0]: Shutdown completed (kafka.log.LogCleaner)
[2022-09-05 17:56:12,622] INFO Starting the log cleaner (kafka.log.LogCleaner)
[2022-09-05 17:56:12,804] INFO [kafka-log-cleaner-thread-0]: Starting (kafka.log.LogCleaner)
[2022-09-05 18:07:54,162] INFO Starting the log cleaner (kafka.log.LogCleaner)
[2022-09-05 18:07:54,344] INFO [kafka-log-cleaner-thread-0]: Starting (kafka.log.LogCleaner)
[2022-09-05 18:13:55,460] INFO Starting the log cleaner (kafka.log.LogCleaner)
[2022-09-05 18:13:55,614] INFO [kafka-log-cleaner-thread-0]: Starting (kafka.log.LogCleaner)
[2022-09-05 18:19:54,864] INFO Shutting down the log cleaner. (kafka.log.LogCleaner)
[2022-09-05 18:19:54,865] INFO [kafka-log-cleaner-thread-0]: Shutting down (kafka.log.LogCleaner)
[2022-09-05 18:19:54,867] INFO [kafka-log-cleaner-thread-0]: Stopped (kafka.log.LogCleaner)
[2022-09-05 18:19:54,867] INFO [kafka-log-cleaner-thread-0]: Shutdown completed (kafka.log.LogCleaner)
[2022-09-05 18:35:30,411] INFO Starting the log cleaner (kafka.log.LogCleaner)
[2022-09-05 18:35:30,659] INFO [kafka-log-cleaner-thread-0]: Starting (kafka.log.LogCleaner)
[2022-09-05 18:39:39,466] INFO Starting the log cleaner (kafka.log.LogCleaner)
[2022-09-05 18:39:39,593] INFO [kafka-log-cleaner-thread-0]: Starting (kafka.log.LogCleaner)
[2022-09-05 18:39:40,097] INFO Shutting down the log cleaner. (kafka.log.LogCleaner)
[2022-09-05 18:39:40,097] INFO [kafka-log-cleaner-thread-0]: Shutting down (kafka.log.LogCleaner)
[2022-09-05 18:39:40,098] INFO [kafka-log-cleaner-thread-0]: Stopped (kafka.log.LogCleaner)
[2022-09-05 18:39:40,098] INFO [kafka-log-cleaner-thread-0]: Shutdown completed (kafka.log.LogCleaner)
[2022-09-05 18:40:40,833] INFO Starting the log cleaner (kafka.log.LogCleaner)
[2022-09-05 18:40:40,960] INFO [kafka-log-cleaner-thread-0]: Starting (kafka.log.LogCleaner)
[2022-09-05 18:40:41,436] INFO Shutting down the log cleaner. (kafka.log.LogCleaner)
[2022-09-05 18:40:41,437] INFO [kafka-log-cleaner-thread-0]: Shutting down (kafka.log.LogCleaner)
[2022-09-05 18:40:41,438] INFO [kafka-log-cleaner-thread-0]: Stopped (kafka.log.LogCleaner)
[2022-09-05 18:40:41,439] INFO [kafka-log-cleaner-thread-0]: Shutdown completed (kafka.log.LogCleaner)
[2022-09-05 18:42:48,417] INFO Starting the log cleaner (kafka.log.LogCleaner)
[2022-09-05 18:42:48,535] INFO [kafka-log-cleaner-thread-0]: Starting (kafka.log.LogCleaner)
[2022-09-05 18:43:10,708] INFO Starting the log cleaner (kafka.log.LogCleaner)
[2022-09-05 18:43:10,851] INFO [kafka-log-cleaner-thread-0]: Starting (kafka.log.LogCleaner)
[2022-09-05 19:41:26,142] INFO Shutting down the log cleaner. (kafka.log.LogCleaner)
[2022-09-05 19:41:26,147] INFO [kafka-log-cleaner-thread-0]: Shutting down (kafka.log.LogCleaner)
[2022-09-05 19:41:26,147] INFO [kafka-log-cleaner-thread-0]: Stopped (kafka.log.LogCleaner)
[2022-09-05 19:41:26,147] INFO [kafka-log-cleaner-thread-0]: Shutdown completed (kafka.log.LogCleaner)
[2022-09-05 19:41:55,061] INFO Shutting down the log cleaner. (kafka.log.LogCleaner)
[2022-09-05 19:41:55,063] INFO [kafka-log-cleaner-thread-0]: Shutting down (kafka.log.LogCleaner)
[2022-09-05 19:41:55,064] INFO [kafka-log-cleaner-thread-0]: Stopped (kafka.log.LogCleaner)
[2022-09-05 19:41:55,065] INFO [kafka-log-cleaner-thread-0]: Shutdown completed (kafka.log.LogCleaner)
[2022-09-05 19:42:19,824] INFO Shutting down the log cleaner. (kafka.log.LogCleaner)
[2022-09-05 19:42:19,826] INFO [kafka-log-cleaner-thread-0]: Shutting down (kafka.log.LogCleaner)
[2022-09-05 19:42:19,826] INFO [kafka-log-cleaner-thread-0]: Stopped (kafka.log.LogCleaner)
[2022-09-05 19:42:19,826] INFO [kafka-log-cleaner-thread-0]: Shutdown completed (kafka.log.LogCleaner)
[2022-09-06 11:56:18,193] INFO Starting the log cleaner (kafka.log.LogCleaner)
[2022-09-06 11:56:18,678] INFO [kafka-log-cleaner-thread-0]: Starting (kafka.log.LogCleaner)
[2022-09-06 11:56:40,167] INFO Starting the log cleaner (kafka.log.LogCleaner)
[2022-09-06 11:56:40,519] INFO [kafka-log-cleaner-thread-0]: Starting (kafka.log.LogCleaner)
[2022-09-06 11:57:04,595] INFO Starting the log cleaner (kafka.log.LogCleaner)
[2022-09-06 11:57:04,894] INFO [kafka-log-cleaner-thread-0]: Starting (kafka.log.LogCleaner)
[2022-09-06 15:02:07,124] INFO Starting the log cleaner (kafka.log.LogCleaner)
[2022-09-06 15:02:07,283] INFO [kafka-log-cleaner-thread-0]: Starting (kafka.log.LogCleaner)
[2022-09-06 15:09:51,434] INFO Shutting down the log cleaner. (kafka.log.LogCleaner)
[2022-09-06 15:09:51,434] INFO [kafka-log-cleaner-thread-0]: Shutting down (kafka.log.LogCleaner)
[2022-09-06 15:09:51,435] INFO [kafka-log-cleaner-thread-0]: Stopped (kafka.log.LogCleaner)
[2022-09-06 15:09:51,435] INFO [kafka-log-cleaner-thread-0]: Shutdown completed (kafka.log.LogCleaner)
[2022-09-06 17:08:52,890] INFO Starting the log cleaner (kafka.log.LogCleaner)
[2022-09-06 17:08:53,022] INFO [kafka-log-cleaner-thread-0]: Starting (kafka.log.LogCleaner)
[2022-09-06 17:13:08,477] INFO Starting the log cleaner (kafka.log.LogCleaner)
[2022-09-06 17:13:08,748] INFO [kafka-log-cleaner-thread-0]: Starting (kafka.log.LogCleaner)
[2022-09-06 17:13:15,499] INFO Shutting down the log cleaner. (kafka.log.LogCleaner)
[2022-09-06 17:13:15,499] INFO [kafka-log-cleaner-thread-0]: Shutting down (kafka.log.LogCleaner)
[2022-09-06 17:13:15,499] INFO [kafka-log-cleaner-thread-0]: Stopped (kafka.log.LogCleaner)
[2022-09-06 17:13:15,499] INFO [kafka-log-cleaner-thread-0]: Shutdown completed (kafka.log.LogCleaner)
[2022-09-06 17:13:32,713] INFO Starting the log cleaner (kafka.log.LogCleaner)
[2022-09-06 17:13:32,958] INFO [kafka-log-cleaner-thread-0]: Starting (kafka.log.LogCleaner)
[2022-09-06 17:14:54,774] INFO Starting the log cleaner (kafka.log.LogCleaner)
[2022-09-06 17:14:54,892] INFO [kafka-log-cleaner-thread-0]: Starting (kafka.log.LogCleaner)
[2022-09-06 17:27:55,616] INFO Starting the log cleaner (kafka.log.LogCleaner)
[2022-09-06 17:27:55,740] INFO [kafka-log-cleaner-thread-0]: Starting (kafka.log.LogCleaner)
[2022-09-06 17:28:13,441] INFO Starting the log cleaner (kafka.log.LogCleaner)
[2022-09-06 17:28:13,574] INFO [kafka-log-cleaner-thread-0]: Starting (kafka.log.LogCleaner)
[2022-09-06 17:28:33,638] INFO Starting the log cleaner (kafka.log.LogCleaner)
[2022-09-06 17:28:33,822] INFO [kafka-log-cleaner-thread-0]: Starting (kafka.log.LogCleaner)
[2022-09-06 18:22:19,885] INFO Starting the log cleaner (kafka.log.LogCleaner)
[2022-09-06 18:22:20,095] INFO [kafka-log-cleaner-thread-0]: Starting (kafka.log.LogCleaner)
[2022-09-06 18:22:37,990] INFO Starting the log cleaner (kafka.log.LogCleaner)
[2022-09-06 18:22:38,306] INFO [kafka-log-cleaner-thread-0]: Starting (kafka.log.LogCleaner)
[2022-09-06 18:23:00,355] INFO Starting the log cleaner (kafka.log.LogCleaner)
[2022-09-06 18:23:00,538] INFO [kafka-log-cleaner-thread-0]: Starting (kafka.log.LogCleaner)
[2022-09-12 12:37:36,623] INFO Starting the log cleaner (kafka.log.LogCleaner)
[2022-09-12 12:37:36,920] INFO [kafka-log-cleaner-thread-0]: Starting (kafka.log.LogCleaner)
[2022-09-12 12:38:32,356] INFO Starting the log cleaner (kafka.log.LogCleaner)
[2022-09-12 12:38:32,565] INFO [kafka-log-cleaner-thread-0]: Starting (kafka.log.LogCleaner)
[2022-09-12 12:39:18,981] INFO Starting the log cleaner (kafka.log.LogCleaner)
[2022-09-12 12:39:19,103] INFO [kafka-log-cleaner-thread-0]: Starting (kafka.log.LogCleaner)
[2022-10-04 12:55:37,930] INFO Starting the log cleaner (kafka.log.LogCleaner)
[2022-10-04 12:55:38,204] INFO [kafka-log-cleaner-thread-0]: Starting (kafka.log.LogCleaner)
[2022-10-04 13:30:10,825] INFO Starting the log cleaner (kafka.log.LogCleaner)
[2022-10-04 13:30:11,018] INFO [kafka-log-cleaner-thread-0]: Starting (kafka.log.LogCleaner)
[2022-10-04 13:32:32,231] INFO Starting the log cleaner (kafka.log.LogCleaner)
[2022-10-04 13:32:32,377] INFO [kafka-log-cleaner-thread-0]: Starting (kafka.log.LogCleaner)
[2022-10-04 14:27:28,358] INFO Starting the log cleaner (kafka.log.LogCleaner)
[2022-10-04 14:27:28,714] INFO [kafka-log-cleaner-thread-0]: Starting (kafka.log.LogCleaner)
[2022-10-04 14:28:20,320] INFO Starting the log cleaner (kafka.log.LogCleaner)
[2022-10-04 14:28:20,951] INFO [kafka-log-cleaner-thread-0]: Starting (kafka.log.LogCleaner)
[2022-10-04 14:28:51,039] INFO Cleaner 0: Beginning cleaning of log __consumer_offsets-2. (kafka.log.LogCleaner)
[2022-10-04 14:28:51,040] INFO Cleaner 0: Building offset map for __consumer_offsets-2... (kafka.log.LogCleaner)
[2022-10-04 14:28:51,078] INFO Cleaner 0: Building offset map for log __consumer_offsets-2 for 1 segments in offset range [0, 9441). (kafka.log.LogCleaner)
[2022-10-04 14:28:51,181] INFO Cleaner 0: Offset map for log __consumer_offsets-2 complete. (kafka.log.LogCleaner)
[2022-10-04 14:28:51,182] INFO Cleaner 0: Cleaning log __consumer_offsets-2 (cleaning prior to Tue Sep 13 10:01:33 IST 2022, discarding tombstones prior to Thu Jan 01 05:30:00 IST 1970)... (kafka.log.LogCleaner)
[2022-10-04 14:28:51,187] INFO Cleaner 0: Cleaning LogSegment(baseOffset=0, size=884936, lastModifiedTime=1663043493437, largestTime=1663043493437) in log __consumer_offsets-2 into 0 with deletion horizon 0, retaining deletes. (kafka.log.LogCleaner)
[2022-10-04 14:28:51,242] INFO Cleaner 0: Swapping in cleaned segment LogSegment(baseOffset=0, size=575, lastModifiedTime=1663043493437, largestTime=1663043493437) for segment(s) List(LogSegment(baseOffset=0, size=884936, lastModifiedTime=1663043493437, largestTime=1663043493437)) in log Log(dir=C:\Users\ok\Desktop\SSL\kafka\data\broker-2\__consumer_offsets-2, topic=__consumer_offsets, partition=2, highWatermark=9442, lastStableOffset=9442, logStartOffset=0, logEndOffset=9442) (kafka.log.LogCleaner)
[2022-10-04 14:28:51,304] INFO Cleaner 0: Beginning cleaning of log __consumer_offsets-2. (kafka.log.LogCleaner)
[2022-10-04 14:28:51,304] INFO Cleaner 0: Building offset map for __consumer_offsets-2... (kafka.log.LogCleaner)
[2022-10-04 14:28:51,374] INFO Cleaner 0: Building offset map for log __consumer_offsets-2 for 1 segments in offset range [0, 9441). (kafka.log.LogCleaner)
[2022-10-04 14:44:47,177] INFO Starting the log cleaner (kafka.log.LogCleaner)
[2022-10-04 14:44:47,335] INFO [kafka-log-cleaner-thread-0]: Starting (kafka.log.LogCleaner)
[2022-10-04 14:44:47,368] INFO Cleaner 0: Beginning cleaning of log __consumer_offsets-2. (kafka.log.LogCleaner)
[2022-10-04 14:44:47,368] INFO Cleaner 0: Building offset map for __consumer_offsets-2... (kafka.log.LogCleaner)
[2022-10-04 14:44:47,404] INFO Cleaner 0: Building offset map for log __consumer_offsets-2 for 1 segments in offset range [0, 9441). (kafka.log.LogCleaner)
[2022-10-04 14:44:47,551] INFO Cleaner 0: Offset map for log __consumer_offsets-2 complete. (kafka.log.LogCleaner)
[2022-10-04 14:44:47,589] INFO Cleaner 0: Cleaning log __consumer_offsets-2 (cleaning prior to Tue Sep 13 10:01:33 IST 2022, discarding tombstones prior to Thu Jan 01 05:30:00 IST 1970)... (kafka.log.LogCleaner)
[2022-10-04 14:44:47,596] INFO Cleaner 0: Cleaning LogSegment(baseOffset=0, size=884936, lastModifiedTime=1663043493437, largestTime=1663043493437) in log __consumer_offsets-2 into 0 with deletion horizon 0, retaining deletes. (kafka.log.LogCleaner)
[2022-10-04 14:44:47,687] INFO Cleaner 0: Swapping in cleaned segment LogSegment(baseOffset=0, size=575, lastModifiedTime=1663043493437, largestTime=1663043493437) for segment(s) List(LogSegment(baseOffset=0, size=884936, lastModifiedTime=1663043493437, largestTime=1663043493437)) in log Log(dir=C:\Users\ok\Desktop\SSL\kafka\data\broker-2\__consumer_offsets-2, topic=__consumer_offsets, partition=2, highWatermark=0, lastStableOffset=0, logStartOffset=0, logEndOffset=9442) (kafka.log.LogCleaner)
[2022-10-04 14:44:47,782] INFO Cleaner 0: Beginning cleaning of log __consumer_offsets-2. (kafka.log.LogCleaner)
[2022-10-04 14:44:47,782] INFO Cleaner 0: Building offset map for __consumer_offsets-2... (kafka.log.LogCleaner)
[2022-10-04 14:44:47,984] INFO Cleaner 0: Building offset map for log __consumer_offsets-2 for 1 segments in offset range [0, 9441). (kafka.log.LogCleaner)
[2022-10-04 14:44:48,119] INFO Cleaner 0: Offset map for log __consumer_offsets-2 complete. (kafka.log.LogCleaner)
[2022-10-04 14:44:48,120] INFO Cleaner 0: Cleaning log __consumer_offsets-2 (cleaning prior to Tue Sep 13 10:01:33 IST 2022, discarding tombstones prior to Thu Jan 01 05:30:00 IST 1970)... (kafka.log.LogCleaner)
[2022-10-04 14:44:48,203] INFO Cleaner 0: Cleaning LogSegment(baseOffset=0, size=884936, lastModifiedTime=1663043493437, largestTime=1663043493437) in log __consumer_offsets-2 into 0 with deletion horizon 0, retaining deletes. (kafka.log.LogCleaner)
[2022-10-04 14:44:48,378] INFO Cleaner 0: Swapping in cleaned segment LogSegment(baseOffset=0, size=575, lastModifiedTime=1663043493437, largestTime=1663043493437) for segment(s) List(LogSegment(baseOffset=0, size=884936, lastModifiedTime=1663043493437, largestTime=1663043493437)) in log Log(dir=C:\Users\ok\Desktop\SSL\kafka\data\broker-2\__consumer_offsets-2, topic=__consumer_offsets, partition=2, highWatermark=0, lastStableOffset=0, logStartOffset=0, logEndOffset=9442) (kafka.log.LogCleaner)
[2022-10-04 14:44:48,607] INFO Cleaner 0: Beginning cleaning of log __consumer_offsets-2. (kafka.log.LogCleaner)
[2022-10-04 14:44:48,607] INFO Cleaner 0: Building offset map for __consumer_offsets-2... (kafka.log.LogCleaner)
[2022-10-04 14:44:48,629] INFO Cleaner 0: Building offset map for log __consumer_offsets-2 for 1 segments in offset range [0, 9441). (kafka.log.LogCleaner)
[2022-10-04 14:44:48,665] INFO Cleaner 0: Offset map for log __consumer_offsets-2 complete. (kafka.log.LogCleaner)
[2022-10-04 14:44:48,665] INFO Cleaner 0: Cleaning log __consumer_offsets-2 (cleaning prior to Tue Sep 13 10:01:33 IST 2022, discarding tombstones prior to Thu Jan 01 05:30:00 IST 1970)... (kafka.log.LogCleaner)
[2022-10-04 14:44:48,821] INFO Cleaner 0: Beginning cleaning of log __consumer_offsets-2. (kafka.log.LogCleaner)
[2022-10-04 14:44:48,821] INFO Cleaner 0: Building offset map for __consumer_offsets-2... (kafka.log.LogCleaner)
[2022-10-04 14:44:48,863] INFO Cleaner 0: Building offset map for log __consumer_offsets-2 for 1 segments in offset range [0, 9441). (kafka.log.LogCleaner)
[2022-10-04 14:44:48,882] INFO Cleaner 0: Offset map for log __consumer_offsets-2 complete. (kafka.log.LogCleaner)
[2022-10-04 14:44:48,882] INFO Cleaner 0: Cleaning log __consumer_offsets-2 (cleaning prior to Tue Sep 13 10:01:33 IST 2022, discarding tombstones prior to Thu Jan 01 05:30:00 IST 1970)... (kafka.log.LogCleaner)
[2022-10-04 14:44:48,960] INFO Cleaner 0: Beginning cleaning of log __consumer_offsets-2. (kafka.log.LogCleaner)
[2022-10-04 14:44:48,960] INFO Cleaner 0: Building offset map for __consumer_offsets-2... (kafka.log.LogCleaner)
[2022-10-04 14:44:48,984] INFO Cleaner 0: Building offset map for log __consumer_offsets-2 for 1 segments in offset range [0, 9441). (kafka.log.LogCleaner)
[2022-10-04 14:44:49,042] INFO Cleaner 0: Offset map for log __consumer_offsets-2 complete. (kafka.log.LogCleaner)
[2022-10-04 14:44:49,043] INFO Cleaner 0: Cleaning log __consumer_offsets-2 (cleaning prior to Tue Sep 13 10:01:33 IST 2022, discarding tombstones prior to Thu Jan 01 05:30:00 IST 1970)... (kafka.log.LogCleaner)
[2022-10-04 14:44:49,094] INFO Cleaner 0: Beginning cleaning of log __consumer_offsets-2. (kafka.log.LogCleaner)
[2022-10-04 14:44:49,094] INFO Cleaner 0: Building offset map for __consumer_offsets-2... (kafka.log.LogCleaner)
[2022-10-04 14:44:49,118] INFO Cleaner 0: Building offset map for log __consumer_offsets-2 for 1 segments in offset range [0, 9441). (kafka.log.LogCleaner)
[2022-10-04 14:44:49,191] INFO Cleaner 0: Offset map for log __consumer_offsets-2 complete. (kafka.log.LogCleaner)
[2022-10-04 14:44:49,191] INFO Cleaner 0: Cleaning log __consumer_offsets-2 (cleaning prior to Tue Sep 13 10:01:33 IST 2022, discarding tombstones prior to Thu Jan 01 05:30:00 IST 1970)... (kafka.log.LogCleaner)
[2022-10-04 14:44:49,231] INFO Cleaner 0: Beginning cleaning of log __consumer_offsets-2. (kafka.log.LogCleaner)
[2022-10-04 14:44:49,231] INFO Cleaner 0: Building offset map for __consumer_offsets-2... (kafka.log.LogCleaner)
[2022-10-04 14:44:49,253] INFO Cleaner 0: Building offset map for log __consumer_offsets-2 for 1 segments in offset range [0, 9441). (kafka.log.LogCleaner)
[2022-10-04 14:44:49,309] INFO Cleaner 0: Offset map for log __consumer_offsets-2 complete. (kafka.log.LogCleaner)
[2022-10-04 14:44:49,310] INFO Cleaner 0: Cleaning log __consumer_offsets-2 (cleaning prior to Tue Sep 13 10:01:33 IST 2022, discarding tombstones prior to Thu Jan 01 05:30:00 IST 1970)... (kafka.log.LogCleaner)
[2022-10-04 14:44:49,355] INFO Cleaner 0: Beginning cleaning of log __consumer_offsets-2. (kafka.log.LogCleaner)
[2022-10-04 14:44:49,356] INFO Cleaner 0: Building offset map for __consumer_offsets-2... (kafka.log.LogCleaner)
[2022-10-04 14:44:49,375] INFO Cleaner 0: Building offset map for log __consumer_offsets-2 for 1 segments in offset range [0, 9441). (kafka.log.LogCleaner)
[2022-10-04 14:44:49,430] INFO Cleaner 0: Offset map for log __consumer_offsets-2 complete. (kafka.log.LogCleaner)
[2022-10-04 14:44:49,435] INFO Cleaner 0: Cleaning log __consumer_offsets-2 (cleaning prior to Tue Sep 13 10:01:33 IST 2022, discarding tombstones prior to Thu Jan 01 05:30:00 IST 1970)... (kafka.log.LogCleaner)
[2022-10-04 14:44:49,720] INFO Cleaner 0: Beginning cleaning of log __consumer_offsets-2. (kafka.log.LogCleaner)
[2022-10-04 14:44:49,720] INFO Cleaner 0: Building offset map for __consumer_offsets-2... (kafka.log.LogCleaner)
[2022-10-04 14:44:49,743] INFO Cleaner 0: Building offset map for log __consumer_offsets-2 for 1 segments in offset range [0, 9441). (kafka.log.LogCleaner)
[2022-10-04 14:44:49,859] INFO Cleaner 0: Offset map for log __consumer_offsets-2 complete. (kafka.log.LogCleaner)
[2022-10-04 14:44:49,859] INFO Cleaner 0: Cleaning log __consumer_offsets-2 (cleaning prior to Tue Sep 13 10:01:33 IST 2022, discarding tombstones prior to Thu Jan 01 05:30:00 IST 1970)... (kafka.log.LogCleaner)
[2022-10-04 14:44:50,207] INFO Cleaner 0: Beginning cleaning of log __consumer_offsets-2. (kafka.log.LogCleaner)
[2022-10-04 14:44:50,207] INFO Cleaner 0: Building offset map for __consumer_offsets-2... (kafka.log.LogCleaner)
[2022-10-04 14:44:50,239] INFO Cleaner 0: Building offset map for log __consumer_offsets-2 for 1 segments in offset range [0, 9441). (kafka.log.LogCleaner)
[2022-10-04 14:44:50,386] INFO Cleaner 0: Offset map for log __consumer_offsets-2 complete. (kafka.log.LogCleaner)
[2022-10-04 14:44:50,387] INFO Cleaner 0: Cleaning log __consumer_offsets-2 (cleaning prior to Tue Sep 13 10:01:33 IST 2022, discarding tombstones prior to Thu Jan 01 05:30:00 IST 1970)... (kafka.log.LogCleaner)
[2022-10-04 14:44:50,401] INFO Cleaner 0: Cleaning LogSegment(baseOffset=0, size=884936, lastModifiedTime=1663043493437, largestTime=1663043493437) in log __consumer_offsets-2 into 0 with deletion horizon 0, retaining deletes. (kafka.log.LogCleaner)
[2022-10-04 14:44:50,492] INFO Cleaner 0: Swapping in cleaned segment LogSegment(baseOffset=0, size=575, lastModifiedTime=1663043493437, largestTime=1663043493437) for segment(s) List(LogSegment(baseOffset=0, size=884936, lastModifiedTime=1663043493437, largestTime=1663043493437)) in log Log(dir=C:\Users\ok\Desktop\SSL\kafka\data\broker-2\__consumer_offsets-2, topic=__consumer_offsets, partition=2, highWatermark=0, lastStableOffset=0, logStartOffset=0, logEndOffset=9442) (kafka.log.LogCleaner)
[2022-10-04 14:44:50,561] INFO Cleaner 0: Beginning cleaning of log __consumer_offsets-2. (kafka.log.LogCleaner)
[2022-10-04 14:44:50,561] INFO Cleaner 0: Building offset map for __consumer_offsets-2... (kafka.log.LogCleaner)
[2022-10-04 14:44:50,593] INFO Cleaner 0: Building offset map for log __consumer_offsets-2 for 1 segments in offset range [0, 9441). (kafka.log.LogCleaner)
[2022-10-04 14:44:50,693] INFO Cleaner 0: Offset map for log __consumer_offsets-2 complete. (kafka.log.LogCleaner)
[2022-10-04 14:44:50,693] INFO Cleaner 0: Cleaning log __consumer_offsets-2 (cleaning prior to Tue Sep 13 10:01:33 IST 2022, discarding tombstones prior to Thu Jan 01 05:30:00 IST 1970)... (kafka.log.LogCleaner)
[2022-10-04 14:44:50,804] INFO Cleaner 0: Beginning cleaning of log __consumer_offsets-2. (kafka.log.LogCleaner)
[2022-10-04 14:44:50,804] INFO Cleaner 0: Building offset map for __consumer_offsets-2... (kafka.log.LogCleaner)
[2022-10-04 14:44:50,829] INFO Cleaner 0: Building offset map for log __consumer_offsets-2 for 1 segments in offset range [0, 9441). (kafka.log.LogCleaner)
[2022-10-04 14:44:50,878] INFO Cleaner 0: Offset map for log __consumer_offsets-2 complete. (kafka.log.LogCleaner)
[2022-10-04 14:44:50,878] INFO Cleaner 0: Cleaning log __consumer_offsets-2 (cleaning prior to Tue Sep 13 10:01:33 IST 2022, discarding tombstones prior to Thu Jan 01 05:30:00 IST 1970)... (kafka.log.LogCleaner)
[2022-10-04 14:44:50,929] INFO Cleaner 0: Beginning cleaning of log __consumer_offsets-2. (kafka.log.LogCleaner)
[2022-10-04 14:44:50,929] INFO Cleaner 0: Building offset map for __consumer_offsets-2... (kafka.log.LogCleaner)
[2022-10-04 14:44:50,956] INFO Cleaner 0: Building offset map for log __consumer_offsets-2 for 1 segments in offset range [0, 9441). (kafka.log.LogCleaner)
[2022-10-04 14:44:51,024] INFO Cleaner 0: Offset map for log __consumer_offsets-2 complete. (kafka.log.LogCleaner)
[2022-10-04 14:44:51,025] INFO Cleaner 0: Cleaning log __consumer_offsets-2 (cleaning prior to Tue Sep 13 10:01:33 IST 2022, discarding tombstones prior to Thu Jan 01 05:30:00 IST 1970)... (kafka.log.LogCleaner)
[2022-10-04 14:44:51,254] INFO Cleaner 0: Beginning cleaning of log __consumer_offsets-2. (kafka.log.LogCleaner)
[2022-10-04 14:44:51,255] INFO Cleaner 0: Building offset map for __consumer_offsets-2... (kafka.log.LogCleaner)
[2022-10-04 14:44:51,294] INFO Cleaner 0: Building offset map for log __consumer_offsets-2 for 1 segments in offset range [0, 9441). (kafka.log.LogCleaner)
[2022-10-04 14:44:51,334] INFO Cleaner 0: Offset map for log __consumer_offsets-2 complete. (kafka.log.LogCleaner)
[2022-10-04 14:44:51,337] INFO Cleaner 0: Cleaning log __consumer_offsets-2 (cleaning prior to Tue Sep 13 10:01:33 IST 2022, discarding tombstones prior to Thu Jan 01 05:30:00 IST 1970)... (kafka.log.LogCleaner)
[2022-10-04 14:44:51,379] INFO Cleaner 0: Beginning cleaning of log __consumer_offsets-2. (kafka.log.LogCleaner)
[2022-10-04 14:44:51,379] INFO Cleaner 0: Building offset map for __consumer_offsets-2... (kafka.log.LogCleaner)
[2022-10-04 14:44:51,407] INFO Cleaner 0: Building offset map for log __consumer_offsets-2 for 1 segments in offset range [0, 9441). (kafka.log.LogCleaner)
[2022-10-04 14:44:51,441] INFO Cleaner 0: Offset map for log __consumer_offsets-2 complete. (kafka.log.LogCleaner)
[2022-10-04 14:44:51,443] INFO Cleaner 0: Cleaning log __consumer_offsets-2 (cleaning prior to Tue Sep 13 10:01:33 IST 2022, discarding tombstones prior to Thu Jan 01 05:30:00 IST 1970)... (kafka.log.LogCleaner)
[2022-10-04 14:51:34,318] INFO Starting the log cleaner (kafka.log.LogCleaner)
[2022-10-04 14:51:34,444] INFO [kafka-log-cleaner-thread-0]: Starting (kafka.log.LogCleaner)
[2022-10-04 14:51:34,477] INFO Cleaner 0: Beginning cleaning of log __consumer_offsets-2. (kafka.log.LogCleaner)
[2022-10-04 14:51:34,478] INFO Cleaner 0: Building offset map for __consumer_offsets-2... (kafka.log.LogCleaner)
[2022-10-04 14:51:34,517] INFO Cleaner 0: Building offset map for log __consumer_offsets-2 for 1 segments in offset range [0, 9441). (kafka.log.LogCleaner)
[2022-10-04 14:51:34,704] INFO Cleaner 0: Offset map for log __consumer_offsets-2 complete. (kafka.log.LogCleaner)
[2022-10-04 14:51:34,731] INFO Cleaner 0: Cleaning log __consumer_offsets-2 (cleaning prior to Tue Sep 13 10:01:33 IST 2022, discarding tombstones prior to Thu Jan 01 05:30:00 IST 1970)... (kafka.log.LogCleaner)
[2022-10-04 14:51:34,737] INFO Cleaner 0: Cleaning LogSegment(baseOffset=0, size=884936, lastModifiedTime=1663043493437, largestTime=1663043493437) in log __consumer_offsets-2 into 0 with deletion horizon 0, retaining deletes. (kafka.log.LogCleaner)
[2022-10-04 14:51:34,890] INFO Cleaner 0: Swapping in cleaned segment LogSegment(baseOffset=0, size=575, lastModifiedTime=1663043493437, largestTime=1663043493437) for segment(s) List(LogSegment(baseOffset=0, size=884936, lastModifiedTime=1663043493437, largestTime=1663043493437)) in log Log(dir=C:\Users\ok\Desktop\SSL\kafka\data\broker-2\__consumer_offsets-2, topic=__consumer_offsets, partition=2, highWatermark=0, lastStableOffset=0, logStartOffset=0, logEndOffset=9442) (kafka.log.LogCleaner)
[2022-10-04 14:51:35,050] INFO Cleaner 0: Beginning cleaning of log __consumer_offsets-2. (kafka.log.LogCleaner)
[2022-10-04 14:51:35,050] INFO Cleaner 0: Building offset map for __consumer_offsets-2... (kafka.log.LogCleaner)
[2022-10-04 14:51:35,180] INFO Cleaner 0: Building offset map for log __consumer_offsets-2 for 1 segments in offset range [0, 9441). (kafka.log.LogCleaner)
[2022-10-04 14:51:35,280] INFO Cleaner 0: Offset map for log __consumer_offsets-2 complete. (kafka.log.LogCleaner)
[2022-10-04 14:51:35,281] INFO Cleaner 0: Cleaning log __consumer_offsets-2 (cleaning prior to Tue Sep 13 10:01:33 IST 2022, discarding tombstones prior to Thu Jan 01 05:30:00 IST 1970)... (kafka.log.LogCleaner)
[2022-10-04 14:51:35,286] INFO Cleaner 0: Cleaning LogSegment(baseOffset=0, size=884936, lastModifiedTime=1663043493437, largestTime=1663043493437) in log __consumer_offsets-2 into 0 with deletion horizon 0, retaining deletes. (kafka.log.LogCleaner)
[2022-10-04 14:51:35,479] INFO Cleaner 0: Swapping in cleaned segment LogSegment(baseOffset=0, size=575, lastModifiedTime=1663043493437, largestTime=1663043493437) for segment(s) List(LogSegment(baseOffset=0, size=884936, lastModifiedTime=1663043493437, largestTime=1663043493437)) in log Log(dir=C:\Users\ok\Desktop\SSL\kafka\data\broker-2\__consumer_offsets-2, topic=__consumer_offsets, partition=2, highWatermark=0, lastStableOffset=0, logStartOffset=0, logEndOffset=9442) (kafka.log.LogCleaner)
[2022-10-04 14:51:35,521] INFO Cleaner 0: Beginning cleaning of log __consumer_offsets-2. (kafka.log.LogCleaner)
[2022-10-04 14:51:35,521] INFO Cleaner 0: Building offset map for __consumer_offsets-2... (kafka.log.LogCleaner)
[2022-10-04 14:51:35,546] INFO Cleaner 0: Building offset map for log __consumer_offsets-2 for 1 segments in offset range [0, 9441). (kafka.log.LogCleaner)
[2022-10-04 14:51:35,618] INFO Cleaner 0: Offset map for log __consumer_offsets-2 complete. (kafka.log.LogCleaner)
[2022-10-04 14:51:35,619] INFO Cleaner 0: Cleaning log __consumer_offsets-2 (cleaning prior to Tue Sep 13 10:01:33 IST 2022, discarding tombstones prior to Thu Jan 01 05:30:00 IST 1970)... (kafka.log.LogCleaner)
[2022-10-04 14:51:35,722] INFO Cleaner 0: Beginning cleaning of log __consumer_offsets-2. (kafka.log.LogCleaner)
[2022-10-04 14:51:35,722] INFO Cleaner 0: Building offset map for __consumer_offsets-2... (kafka.log.LogCleaner)
[2022-10-04 14:51:35,745] INFO Cleaner 0: Building offset map for log __consumer_offsets-2 for 1 segments in offset range [0, 9441). (kafka.log.LogCleaner)
[2022-10-04 14:51:35,789] INFO Cleaner 0: Offset map for log __consumer_offsets-2 complete. (kafka.log.LogCleaner)
[2022-10-04 14:51:35,790] INFO Cleaner 0: Cleaning log __consumer_offsets-2 (cleaning prior to Tue Sep 13 10:01:33 IST 2022, discarding tombstones prior to Thu Jan 01 05:30:00 IST 1970)... (kafka.log.LogCleaner)
[2022-10-04 14:51:35,867] INFO Cleaner 0: Beginning cleaning of log __consumer_offsets-2. (kafka.log.LogCleaner)
[2022-10-04 14:51:35,867] INFO Cleaner 0: Building offset map for __consumer_offsets-2... (kafka.log.LogCleaner)
[2022-10-04 14:51:35,891] INFO Cleaner 0: Building offset map for log __consumer_offsets-2 for 1 segments in offset range [0, 9441). (kafka.log.LogCleaner)
[2022-10-04 14:51:35,930] INFO Cleaner 0: Offset map for log __consumer_offsets-2 complete. (kafka.log.LogCleaner)
[2022-10-04 14:51:35,931] INFO Cleaner 0: Cleaning log __consumer_offsets-2 (cleaning prior to Tue Sep 13 10:01:33 IST 2022, discarding tombstones prior to Thu Jan 01 05:30:00 IST 1970)... (kafka.log.LogCleaner)
[2022-10-04 14:51:35,967] INFO Cleaner 0: Beginning cleaning of log __consumer_offsets-2. (kafka.log.LogCleaner)
[2022-10-04 14:51:35,967] INFO Cleaner 0: Building offset map for __consumer_offsets-2... (kafka.log.LogCleaner)
[2022-10-04 14:51:35,990] INFO Cleaner 0: Building offset map for log __consumer_offsets-2 for 1 segments in offset range [0, 9441). (kafka.log.LogCleaner)
[2022-10-04 14:51:36,027] INFO Cleaner 0: Offset map for log __consumer_offsets-2 complete. (kafka.log.LogCleaner)
[2022-10-04 14:51:36,027] INFO Cleaner 0: Cleaning log __consumer_offsets-2 (cleaning prior to Tue Sep 13 10:01:33 IST 2022, discarding tombstones prior to Thu Jan 01 05:30:00 IST 1970)... (kafka.log.LogCleaner)
[2022-10-04 14:51:36,066] INFO Cleaner 0: Beginning cleaning of log __consumer_offsets-2. (kafka.log.LogCleaner)
[2022-10-04 14:51:36,067] INFO Cleaner 0: Building offset map for __consumer_offsets-2... (kafka.log.LogCleaner)
[2022-10-04 14:51:36,090] INFO Cleaner 0: Building offset map for log __consumer_offsets-2 for 1 segments in offset range [0, 9441). (kafka.log.LogCleaner)
[2022-10-04 14:51:36,137] INFO Cleaner 0: Offset map for log __consumer_offsets-2 complete. (kafka.log.LogCleaner)
[2022-10-04 14:51:36,138] INFO Cleaner 0: Cleaning log __consumer_offsets-2 (cleaning prior to Tue Sep 13 10:01:33 IST 2022, discarding tombstones prior to Thu Jan 01 05:30:00 IST 1970)... (kafka.log.LogCleaner)
[2022-10-04 14:51:36,212] INFO Cleaner 0: Beginning cleaning of log __consumer_offsets-2. (kafka.log.LogCleaner)
[2022-10-04 14:51:36,212] INFO Cleaner 0: Building offset map for __consumer_offsets-2... (kafka.log.LogCleaner)
[2022-10-04 14:51:36,237] INFO Cleaner 0: Building offset map for log __consumer_offsets-2 for 1 segments in offset range [0, 9441). (kafka.log.LogCleaner)
[2022-10-04 14:51:36,281] INFO Cleaner 0: Offset map for log __consumer_offsets-2 complete. (kafka.log.LogCleaner)
[2022-10-04 14:51:36,282] INFO Cleaner 0: Cleaning log __consumer_offsets-2 (cleaning prior to Tue Sep 13 10:01:33 IST 2022, discarding tombstones prior to Thu Jan 01 05:30:00 IST 1970)... (kafka.log.LogCleaner)
[2022-10-04 14:51:36,354] INFO Cleaner 0: Beginning cleaning of log __consumer_offsets-2. (kafka.log.LogCleaner)
[2022-10-04 14:51:36,354] INFO Cleaner 0: Building offset map for __consumer_offsets-2... (kafka.log.LogCleaner)
[2022-10-04 14:51:36,379] INFO Cleaner 0: Building offset map for log __consumer_offsets-2 for 1 segments in offset range [0, 9441). (kafka.log.LogCleaner)
[2022-10-04 14:51:36,471] INFO Cleaner 0: Offset map for log __consumer_offsets-2 complete. (kafka.log.LogCleaner)
[2022-10-04 14:51:36,472] INFO Cleaner 0: Cleaning log __consumer_offsets-2 (cleaning prior to Tue Sep 13 10:01:33 IST 2022, discarding tombstones prior to Thu Jan 01 05:30:00 IST 1970)... (kafka.log.LogCleaner)
[2022-10-04 14:51:36,474] INFO Cleaner 0: Cleaning LogSegment(baseOffset=0, size=884936, lastModifiedTime=1663043493437, largestTime=1663043493437) in log __consumer_offsets-2 into 0 with deletion horizon 0, retaining deletes. (kafka.log.LogCleaner)
[2022-10-04 14:51:36,514] INFO Cleaner 0: Swapping in cleaned segment LogSegment(baseOffset=0, size=575, lastModifiedTime=1663043493437, largestTime=1663043493437) for segment(s) List(LogSegment(baseOffset=0, size=884936, lastModifiedTime=1663043493437, largestTime=1663043493437)) in log Log(dir=C:\Users\ok\Desktop\SSL\kafka\data\broker-2\__consumer_offsets-2, topic=__consumer_offsets, partition=2, highWatermark=0, lastStableOffset=0, logStartOffset=0, logEndOffset=9442) (kafka.log.LogCleaner)
[2022-10-04 14:51:36,547] INFO Cleaner 0: Beginning cleaning of log __consumer_offsets-2. (kafka.log.LogCleaner)
[2022-10-04 14:51:36,547] INFO Cleaner 0: Building offset map for __consumer_offsets-2... (kafka.log.LogCleaner)
[2022-10-04 14:51:36,569] INFO Cleaner 0: Building offset map for log __consumer_offsets-2 for 1 segments in offset range [0, 9441). (kafka.log.LogCleaner)
[2022-10-04 14:51:36,606] INFO Cleaner 0: Offset map for log __consumer_offsets-2 complete. (kafka.log.LogCleaner)
[2022-10-04 14:51:36,607] INFO Cleaner 0: Cleaning log __consumer_offsets-2 (cleaning prior to Tue Sep 13 10:01:33 IST 2022, discarding tombstones prior to Thu Jan 01 05:30:00 IST 1970)... (kafka.log.LogCleaner)
[2022-10-04 14:51:36,698] INFO Cleaner 0: Beginning cleaning of log __consumer_offsets-2. (kafka.log.LogCleaner)
[2022-10-04 14:51:36,699] INFO Cleaner 0: Building offset map for __consumer_offsets-2... (kafka.log.LogCleaner)
[2022-10-04 14:51:36,723] INFO Cleaner 0: Building offset map for log __consumer_offsets-2 for 1 segments in offset range [0, 9441). (kafka.log.LogCleaner)
[2022-10-04 14:51:36,741] INFO Cleaner 0: Offset map for log __consumer_offsets-2 complete. (kafka.log.LogCleaner)
[2022-10-04 14:51:36,742] INFO Cleaner 0: Cleaning log __consumer_offsets-2 (cleaning prior to Tue Sep 13 10:01:33 IST 2022, discarding tombstones prior to Thu Jan 01 05:30:00 IST 1970)... (kafka.log.LogCleaner)
[2022-10-04 14:51:36,790] INFO Cleaner 0: Beginning cleaning of log __consumer_offsets-2. (kafka.log.LogCleaner)
[2022-10-04 14:51:36,790] INFO Cleaner 0: Building offset map for __consumer_offsets-2... (kafka.log.LogCleaner)
[2022-10-04 14:51:36,817] INFO Cleaner 0: Building offset map for log __consumer_offsets-2 for 1 segments in offset range [0, 9441). (kafka.log.LogCleaner)
[2022-10-04 14:51:36,842] INFO Cleaner 0: Offset map for log __consumer_offsets-2 complete. (kafka.log.LogCleaner)
[2022-10-04 14:51:36,842] INFO Cleaner 0: Cleaning log __consumer_offsets-2 (cleaning prior to Tue Sep 13 10:01:33 IST 2022, discarding tombstones prior to Thu Jan 01 05:30:00 IST 1970)... (kafka.log.LogCleaner)
[2022-10-04 14:51:36,891] INFO Cleaner 0: Beginning cleaning of log __consumer_offsets-2. (kafka.log.LogCleaner)
[2022-10-04 14:51:36,891] INFO Cleaner 0: Building offset map for __consumer_offsets-2... (kafka.log.LogCleaner)
[2022-10-04 14:51:36,927] INFO Cleaner 0: Building offset map for log __consumer_offsets-2 for 1 segments in offset range [0, 9441). (kafka.log.LogCleaner)
[2022-10-04 15:10:27,029] INFO Shutting down the log cleaner. (kafka.log.LogCleaner)
[2022-10-04 15:10:27,034] INFO [kafka-log-cleaner-thread-0]: Shutting down (kafka.log.LogCleaner)
[2022-10-04 15:10:27,036] INFO [kafka-log-cleaner-thread-0]: Stopped (kafka.log.LogCleaner)
[2022-10-04 15:10:27,036] INFO [kafka-log-cleaner-thread-0]: Shutdown completed (kafka.log.LogCleaner)
[2022-10-04 15:10:53,417] INFO Shutting down the log cleaner. (kafka.log.LogCleaner)
[2022-10-04 15:10:53,420] INFO [kafka-log-cleaner-thread-0]: Shutting down (kafka.log.LogCleaner)
[2022-10-04 15:10:53,420] INFO [kafka-log-cleaner-thread-0]: Stopped (kafka.log.LogCleaner)
[2022-10-04 15:10:53,420] INFO [kafka-log-cleaner-thread-0]: Shutdown completed (kafka.log.LogCleaner)
[2022-10-04 15:12:20,395] INFO Starting the log cleaner (kafka.log.LogCleaner)
[2022-10-04 15:12:20,630] INFO [kafka-log-cleaner-thread-0]: Starting (kafka.log.LogCleaner)
[2022-10-04 15:13:02,054] INFO Starting the log cleaner (kafka.log.LogCleaner)
[2022-10-04 15:13:02,263] INFO [kafka-log-cleaner-thread-0]: Starting (kafka.log.LogCleaner)
[2022-10-04 15:13:19,376] INFO Starting the log cleaner (kafka.log.LogCleaner)
[2022-10-04 15:13:19,533] INFO [kafka-log-cleaner-thread-0]: Starting (kafka.log.LogCleaner)
[2022-10-04 16:08:12,728] INFO Starting the log cleaner (kafka.log.LogCleaner)
[2022-10-04 16:08:13,078] INFO [kafka-log-cleaner-thread-0]: Starting (kafka.log.LogCleaner)
[2022-10-04 16:09:28,989] INFO Starting the log cleaner (kafka.log.LogCleaner)
[2022-10-04 16:09:29,241] INFO [kafka-log-cleaner-thread-0]: Starting (kafka.log.LogCleaner)
[2022-10-04 16:10:32,780] INFO Starting the log cleaner (kafka.log.LogCleaner)
[2022-10-04 16:10:33,026] INFO [kafka-log-cleaner-thread-0]: Starting (kafka.log.LogCleaner)
[2022-10-04 17:05:38,503] INFO Shutting down the log cleaner. (kafka.log.LogCleaner)
[2022-10-04 17:05:38,526] INFO [kafka-log-cleaner-thread-0]: Shutting down (kafka.log.LogCleaner)
[2022-10-04 17:05:38,527] INFO [kafka-log-cleaner-thread-0]: Stopped (kafka.log.LogCleaner)
[2022-10-04 17:05:38,527] INFO [kafka-log-cleaner-thread-0]: Shutdown completed (kafka.log.LogCleaner)
[2022-10-04 17:05:54,265] INFO Shutting down the log cleaner. (kafka.log.LogCleaner)
[2022-10-04 17:05:54,269] INFO [kafka-log-cleaner-thread-0]: Shutting down (kafka.log.LogCleaner)
[2022-10-04 17:05:54,270] INFO [kafka-log-cleaner-thread-0]: Stopped (kafka.log.LogCleaner)
[2022-10-04 17:05:54,270] INFO [kafka-log-cleaner-thread-0]: Shutdown completed (kafka.log.LogCleaner)
[2022-10-04 17:06:21,436] INFO Shutting down the log cleaner. (kafka.log.LogCleaner)
[2022-10-04 17:06:21,442] INFO [kafka-log-cleaner-thread-0]: Shutting down (kafka.log.LogCleaner)
[2022-10-04 17:06:21,442] INFO [kafka-log-cleaner-thread-0]: Stopped (kafka.log.LogCleaner)
[2022-10-04 17:06:21,442] INFO [kafka-log-cleaner-thread-0]: Shutdown completed (kafka.log.LogCleaner)
